# JRE version: OpenJDK Runtime Environment (8.0_292-b10) (build 1.8.0_292-b10)
# Java VM: OpenJDK 64-Bit Server VM (25.292-b10 mixed mode windows-amd64 compressed oops)
Heap:
 PSYoungGen      total 128000K, used 43487K [0x00000000d6000000, 0x00000000de580000, 0x0000000100000000)
  eden space 119808K, 29% used [0x00000000d6000000,0x00000000d827db78,0x00000000dd500000)
  from space 8192K, 99% used [0x00000000dd580000,0x00000000ddd7a328,0x00000000ddd80000)
  to   space 7168K, 0% used [0x00000000dde80000,0x00000000dde80000,0x00000000de580000)
 ParOldGen       total 46080K, used 9823K [0x0000000082000000, 0x0000000084d00000, 0x00000000d6000000)
  object space 46080K, 21% used [0x0000000082000000,0x0000000082997df8,0x0000000084d00000)
 Metaspace       used 31685K, capacity 33402K, committed 33584K, reserved 1079296K
  class space    used 4245K, capacity 4583K, committed 4656K, reserved 1048576K
GC Heap History (10 events):
Event: 7.724 GC heap before
{Heap before GC invocations=6 (full 0):
 PSYoungGen      total 37888K, used 16740K [0x00000000d6000000, 0x00000000db100000, 0x0000000100000000)
  eden space 32768K, 35% used [0x00000000d6000000,0x00000000d6b5ba20,0x00000000d8000000)
  from space 5120K, 99% used [0x00000000d8000000,0x00000000d84fd6d0,0x00000000d8500000)
  to   space 8704K, 0% used [0x00000000da880000,0x00000000da880000,0x00000000db100000)
 ParOldGen       total 86016K, used 5235K [0x0000000082000000, 0x0000000087400000, 0x00000000d6000000)
  object space 86016K, 6% used [0x0000000082000000,0x000000008251ce10,0x0000000087400000)
 Metaspace       used 20373K, capacity 21188K, committed 21296K, reserved 1067008K
  class space    used 2640K, capacity 2844K, committed 2864K, reserved 1048576K
Event: 7.730 GC heap after
Heap after GC invocations=6 (full 0):
 PSYoungGen      total 73216K, used 6015K [0x00000000d6000000, 0x00000000db000000, 0x0000000100000000)
  eden space 65536K, 0% used [0x00000000d6000000,0x00000000d6000000,0x00000000da000000)
  from space 7680K, 78% used [0x00000000da880000,0x00000000dae5fd40,0x00000000db000000)
  to   space 8192K, 0% used [0x00000000da000000,0x00000000da000000,0x00000000da800000)
 ParOldGen       total 86016K, used 5243K [0x0000000082000000, 0x0000000087400000, 0x00000000d6000000)
  object space 86016K, 6% used [0x0000000082000000,0x000000008251ee10,0x0000000087400000)
 Metaspace       used 20373K, capacity 21188K, committed 21296K, reserved 1067008K
  class space    used 2640K, capacity 2844K, committed 2864K, reserved 1048576K
}
Event: 7.730 GC heap before
{Heap before GC invocations=7 (full 1):
 PSYoungGen      total 73216K, used 6015K [0x00000000d6000000, 0x00000000db000000, 0x0000000100000000)
  eden space 65536K, 0% used [0x00000000d6000000,0x00000000d6000000,0x00000000da000000)
  from space 7680K, 78% used [0x00000000da880000,0x00000000dae5fd40,0x00000000db000000)
  to   space 8192K, 0% used [0x00000000da000000,0x00000000da000000,0x00000000da800000)
 ParOldGen       total 86016K, used 5243K [0x0000000082000000, 0x0000000087400000, 0x00000000d6000000)
  object space 86016K, 6% used [0x0000000082000000,0x000000008251ee10,0x0000000087400000)
 Metaspace       used 20373K, capacity 21188K, committed 21296K, reserved 1067008K
  class space    used 2640K, capacity 2844K, committed 2864K, reserved 1048576K
Event: 7.764 GC heap after
Heap after GC invocations=7 (full 1):
 PSYoungGen      total 73216K, used 0K [0x00000000d6000000, 0x00000000db000000, 0x0000000100000000)
  eden space 65536K, 0% used [0x00000000d6000000,0x00000000d6000000,0x00000000da000000)
  from space 7680K, 0% used [0x00000000da880000,0x00000000da880000,0x00000000db000000)
  to   space 8192K, 0% used [0x00000000da000000,0x00000000da000000,0x00000000da800000)
 ParOldGen       total 46080K, used 6282K [0x0000000082000000, 0x0000000084d00000, 0x00000000d6000000)
  object space 46080K, 13% used [0x0000000082000000,0x00000000826228d0,0x0000000084d00000)
 Metaspace       used 20373K, capacity 21188K, committed 21296K, reserved 1067008K
  class space    used 2640K, capacity 2844K, committed 2864K, reserved 1048576K
}
Event: 11.386 GC heap before
{Heap before GC invocations=8 (full 1):
 PSYoungGen      total 73216K, used 65536K [0x00000000d6000000, 0x00000000db000000, 0x0000000100000000)
  eden space 65536K, 100% used [0x00000000d6000000,0x00000000da000000,0x00000000da000000)
  from space 7680K, 0% used [0x00000000da880000,0x00000000da880000,0x00000000db000000)
  to   space 8192K, 0% used [0x00000000da000000,0x00000000da000000,0x00000000da800000)
 ParOldGen       total 46080K, used 6282K [0x0000000082000000, 0x0000000084d00000, 0x00000000d6000000)
  object space 46080K, 13% used [0x0000000082000000,0x00000000826228d0,0x0000000084d00000)
 Metaspace       used 21858K, capacity 22808K, committed 22960K, reserved 1069056K
  class space    used 2898K, capacity 3146K, committed 3248K, reserved 1048576K
Event: 11.396 GC heap after
Heap after GC invocations=8 (full 1):
 PSYoungGen      total 73728K, used 5860K [0x00000000d6000000, 0x00000000de680000, 0x0000000100000000)
  eden space 65536K, 0% used [0x00000000d6000000,0x00000000d6000000,0x00000000da000000)
  from space 8192K, 71% used [0x00000000da000000,0x00000000da5b9038,0x00000000da800000)
  to   space 8192K, 0% used [0x00000000dde80000,0x00000000dde80000,0x00000000de680000)
 ParOldGen       total 46080K, used 6290K [0x0000000082000000, 0x0000000084d00000, 0x00000000d6000000)
  object space 46080K, 13% used [0x0000000082000000,0x00000000826248d0,0x0000000084d00000)
 Metaspace       used 21858K, capacity 22808K, committed 22960K, reserved 1069056K
  class space    used 2898K, capacity 3146K, committed 3248K, reserved 1048576K
}
Event: 12.643 GC heap before
{Heap before GC invocations=9 (full 1):
 PSYoungGen      total 73728K, used 71396K [0x00000000d6000000, 0x00000000de680000, 0x0000000100000000)
  eden space 65536K, 100% used [0x00000000d6000000,0x00000000da000000,0x00000000da000000)
  from space 8192K, 71% used [0x00000000da000000,0x00000000da5b9038,0x00000000da800000)
  to   space 8192K, 0% used [0x00000000dde80000,0x00000000dde80000,0x00000000de680000)
 ParOldGen       total 46080K, used 6290K [0x0000000082000000, 0x0000000084d00000, 0x00000000d6000000)
  object space 46080K, 13% used [0x0000000082000000,0x00000000826248d0,0x0000000084d00000)
 Metaspace       used 23671K, capacity 24670K, committed 25008K, reserved 1071104K
  class space    used 3148K, capacity 3405K, committed 3504K, reserved 1048576K
Event: 12.655 GC heap after
Heap after GC invocations=9 (full 1):
 PSYoungGen      total 126976K, used 6694K [0x00000000d6000000, 0x00000000de580000, 0x0000000100000000)
  eden space 119808K, 0% used [0x00000000d6000000,0x00000000d6000000,0x00000000dd500000)
  from space 7168K, 93% used [0x00000000dde80000,0x00000000de509be0,0x00000000de580000)
  to   space 8192K, 0% used [0x00000000dd580000,0x00000000dd580000,0x00000000ddd80000)
 ParOldGen       total 46080K, used 6298K [0x0000000082000000, 0x0000000084d00000, 0x00000000d6000000)
  object space 46080K, 13% used [0x0000000082000000,0x00000000826268d0,0x0000000084d00000)
 Metaspace       used 23671K, capacity 24670K, committed 25008K, reserved 1071104K
  class space    used 3148K, capacity 3405K, committed 3504K, reserved 1048576K
}
Event: 14.866 GC heap before
{Heap before GC invocations=10 (full 1):
 PSYoungGen      total 126976K, used 126502K [0x00000000d6000000, 0x00000000de580000, 0x0000000100000000)
  eden space 119808K, 100% used [0x00000000d6000000,0x00000000dd500000,0x00000000dd500000)
  from space 7168K, 93% used [0x00000000dde80000,0x00000000de509be0,0x00000000de580000)
  to   space 8192K, 0% used [0x00000000dd580000,0x00000000dd580000,0x00000000ddd80000)
 ParOldGen       total 46080K, used 6298K [0x0000000082000000, 0x0000000084d00000, 0x00000000d6000000)
  object space 46080K, 13% used [0x0000000082000000,0x00000000826268d0,0x0000000084d00000)
 Metaspace       used 29260K, capacity 30920K, committed 31152K, reserved 1077248K
  class space    used 3907K, capacity 4194K, committed 4272K, reserved 1048576K
Event: 14.882 GC heap after
Heap after GC invocations=10 (full 1):
 PSYoungGen      total 128000K, used 8168K [0x00000000d6000000, 0x00000000de580000, 0x0000000100000000)
  eden space 119808K, 0% used [0x00000000d6000000,0x00000000d6000000,0x00000000dd500000)
  from space 8192K, 99% used [0x00000000dd580000,0x00000000ddd7a328,0x00000000ddd80000)
  to   space 7168K, 0% used [0x00000000dde80000,0x00000000dde80000,0x00000000de580000)
 ParOldGen       total 46080K, used 9823K [0x0000000082000000, 0x0000000084d00000, 0x00000000d6000000)
  object space 46080K, 21% used [0x0000000082000000,0x0000000082997df8,0x0000000084d00000)
 Metaspace       used 29260K, capacity 30920K, committed 31152K, reserved 1077248K
  class space    used 3907K, capacity 4194K, committed 4272K, reserved 1048576K
}

