# JRE version: OpenJDK Runtime Environment (8.0_292-b10) (build 1.8.0_292-b10)
# Java VM: OpenJDK 64-Bit Server VM (25.292-b10 mixed mode windows-amd64 compressed oops)
Heap:
 PSYoungGen      total 219136K, used 195893K [0x00000000d6000000, 0x00000000e4280000, 0x0000000100000000)
  eden space 207360K, 90% used [0x00000000d6000000,0x00000000e170b4c0,0x00000000e2a80000)
  from space 11776K, 71% used [0x00000000e3700000,0x00000000e3f42208,0x00000000e4280000)
  to   space 12288K, 0% used [0x00000000e2a80000,0x00000000e2a80000,0x00000000e3680000)
 ParOldGen       total 87552K, used 15853K [0x0000000082000000, 0x0000000087580000, 0x00000000d6000000)
  object space 87552K, 18% used [0x0000000082000000,0x0000000082f7b478,0x0000000087580000)
 Metaspace       used 46091K, capacity 49134K, committed 49408K, reserved 1091584K
  class space    used 6047K, capacity 6587K, committed 6656K, reserved 1048576K
GC Heap History (10 events):
Event: 6.819 GC heap before
{Heap before GC invocations=8 (full 1):
 PSYoungGen      total 111616K, used 111581K [0x00000000d6000000, 0x00000000def00000, 0x0000000100000000)
  eden space 104960K, 100% used [0x00000000d6000000,0x00000000dc680000,0x00000000dc680000)
  from space 6656K, 99% used [0x00000000de880000,0x00000000deef74d0,0x00000000def00000)
  to   space 8704K, 0% used [0x00000000dde00000,0x00000000dde00000,0x00000000de680000)
 ParOldGen       total 55808K, used 7884K [0x0000000082000000, 0x0000000085680000, 0x00000000d6000000)
  object space 55808K, 14% used [0x0000000082000000,0x00000000827b3190,0x0000000085680000)
 Metaspace       used 28281K, capacity 30024K, committed 30208K, reserved 1075200K
  class space    used 3684K, capacity 4014K, committed 4096K, reserved 1048576K
Event: 6.833 GC heap after
Heap after GC invocations=8 (full 1):
 PSYoungGen      total 137728K, used 8699K [0x00000000d6000000, 0x00000000e1700000, 0x0000000100000000)
  eden space 129024K, 0% used [0x00000000d6000000,0x00000000d6000000,0x00000000dde00000)
  from space 8704K, 99% used [0x00000000dde00000,0x00000000de67ef18,0x00000000de680000)
  to   space 10752K, 0% used [0x00000000e0c80000,0x00000000e0c80000,0x00000000e1700000)
 ParOldGen       total 55808K, used 9506K [0x0000000082000000, 0x0000000085680000, 0x00000000d6000000)
  object space 55808K, 17% used [0x0000000082000000,0x0000000082948a00,0x0000000085680000)
 Metaspace       used 28281K, capacity 30024K, committed 30208K, reserved 1075200K
  class space    used 3684K, capacity 4014K, committed 4096K, reserved 1048576K
}
Event: 8.706 GC heap before
{Heap before GC invocations=9 (full 1):
 PSYoungGen      total 137728K, used 122285K [0x00000000d6000000, 0x00000000e1700000, 0x0000000100000000)
  eden space 129024K, 88% used [0x00000000d6000000,0x00000000dceec5c8,0x00000000dde00000)
  from space 8704K, 99% used [0x00000000dde00000,0x00000000de67ef18,0x00000000de680000)
  to   space 10752K, 0% used [0x00000000e0c80000,0x00000000e0c80000,0x00000000e1700000)
 ParOldGen       total 55808K, used 9506K [0x0000000082000000, 0x0000000085680000, 0x00000000d6000000)
  object space 55808K, 17% used [0x0000000082000000,0x0000000082948a00,0x0000000085680000)
 Metaspace       used 33474K, capacity 35414K, committed 35496K, reserved 1079296K
  class space    used 4475K, capacity 4841K, committed 4864K, reserved 1048576K
Event: 8.724 GC heap after
Heap after GC invocations=9 (full 1):
 PSYoungGen      total 175104K, used 10724K [0x00000000d6000000, 0x00000000e3d80000, 0x0000000100000000)
  eden space 164352K, 0% used [0x00000000d6000000,0x00000000d6000000,0x00000000e0080000)
  from space 10752K, 99% used [0x00000000e0c80000,0x00000000e16f9260,0x00000000e1700000)
  to   space 12288K, 0% used [0x00000000e0080000,0x00000000e0080000,0x00000000e0c80000)
 ParOldGen       total 55808K, used 9838K [0x0000000082000000, 0x0000000085680000, 0x00000000d6000000)
  object space 55808K, 17% used [0x0000000082000000,0x000000008299bb98,0x0000000085680000)
 Metaspace       used 33474K, capacity 35414K, committed 35496K, reserved 1079296K
  class space    used 4475K, capacity 4841K, committed 4864K, reserved 1048576K
}
Event: 8.724 GC heap before
{Heap before GC invocations=10 (full 2):
 PSYoungGen      total 175104K, used 10724K [0x00000000d6000000, 0x00000000e3d80000, 0x0000000100000000)
  eden space 164352K, 0% used [0x00000000d6000000,0x00000000d6000000,0x00000000e0080000)
  from space 10752K, 99% used [0x00000000e0c80000,0x00000000e16f9260,0x00000000e1700000)
  to   space 12288K, 0% used [0x00000000e0080000,0x00000000e0080000,0x00000000e0c80000)
 ParOldGen       total 55808K, used 9838K [0x0000000082000000, 0x0000000085680000, 0x00000000d6000000)
  object space 55808K, 17% used [0x0000000082000000,0x000000008299bb98,0x0000000085680000)
 Metaspace       used 33474K, capacity 35414K, committed 35496K, reserved 1079296K
  class space    used 4475K, capacity 4841K, committed 4864K, reserved 1048576K
Event: 8.793 GC heap after
Heap after GC invocations=10 (full 2):
 PSYoungGen      total 175104K, used 0K [0x00000000d6000000, 0x00000000e3d80000, 0x0000000100000000)
  eden space 164352K, 0% used [0x00000000d6000000,0x00000000d6000000,0x00000000e0080000)
  from space 10752K, 0% used [0x00000000e0c80000,0x00000000e0c80000,0x00000000e1700000)
  to   space 12288K, 0% used [0x00000000e0080000,0x00000000e0080000,0x00000000e0c80000)
 ParOldGen       total 87552K, used 15837K [0x0000000082000000, 0x0000000087580000, 0x00000000d6000000)
  object space 87552K, 18% used [0x0000000082000000,0x0000000082f77478,0x0000000087580000)
 Metaspace       used 33474K, capacity 35414K, committed 35496K, reserved 1079296K
  class space    used 4475K, capacity 4841K, committed 4864K, reserved 1048576K
}
Event: 9.899 GC heap before
{Heap before GC invocations=11 (full 2):
 PSYoungGen      total 175104K, used 164352K [0x00000000d6000000, 0x00000000e3d80000, 0x0000000100000000)
  eden space 164352K, 100% used [0x00000000d6000000,0x00000000e0080000,0x00000000e0080000)
  from space 10752K, 0% used [0x00000000e0c80000,0x00000000e0c80000,0x00000000e1700000)
  to   space 12288K, 0% used [0x00000000e0080000,0x00000000e0080000,0x00000000e0c80000)
 ParOldGen       total 87552K, used 15837K [0x0000000082000000, 0x0000000087580000, 0x00000000d6000000)
  object space 87552K, 18% used [0x0000000082000000,0x0000000082f77478,0x0000000087580000)
 Metaspace       used 36818K, capacity 38970K, committed 39040K, reserved 1083392K
  class space    used 4848K, capacity 5241K, committed 5248K, reserved 1048576K
Event: 9.904 GC heap after
Heap after GC invocations=11 (full 2):
 PSYoungGen      total 176640K, used 3751K [0x00000000d6000000, 0x00000000e4300000, 0x0000000100000000)
  eden space 164352K, 0% used [0x00000000d6000000,0x00000000d6000000,0x00000000e0080000)
  from space 12288K, 30% used [0x00000000e0080000,0x00000000e0429e10,0x00000000e0c80000)
  to   space 12288K, 0% used [0x00000000e3700000,0x00000000e3700000,0x00000000e4300000)
 ParOldGen       total 87552K, used 15845K [0x0000000082000000, 0x0000000087580000, 0x00000000d6000000)
  object space 87552K, 18% used [0x0000000082000000,0x0000000082f79478,0x0000000087580000)
 Metaspace       used 36818K, capacity 38970K, committed 39040K, reserved 1083392K
  class space    used 4848K, capacity 5241K, committed 5248K, reserved 1048576K
}
Event: 11.954 GC heap before
{Heap before GC invocations=12 (full 2):
 PSYoungGen      total 176640K, used 168103K [0x00000000d6000000, 0x00000000e4300000, 0x0000000100000000)
  eden space 164352K, 100% used [0x00000000d6000000,0x00000000e0080000,0x00000000e0080000)
  from space 12288K, 30% used [0x00000000e0080000,0x00000000e0429e10,0x00000000e0c80000)
  to   space 12288K, 0% used [0x00000000e3700000,0x00000000e3700000,0x00000000e4300000)
 ParOldGen       total 87552K, used 15845K [0x0000000082000000, 0x0000000087580000, 0x00000000d6000000)
  object space 87552K, 18% used [0x0000000082000000,0x0000000082f79478,0x0000000087580000)
 Metaspace       used 39719K, capacity 42006K, committed 42240K, reserved 1085440K
  class space    used 5144K, capacity 5575K, committed 5632K, reserved 1048576K
Event: 11.971 GC heap after
Heap after GC invocations=12 (full 2):
 PSYoungGen      total 219136K, used 8456K [0x00000000d6000000, 0x00000000e4280000, 0x0000000100000000)
  eden space 207360K, 0% used [0x00000000d6000000,0x00000000d6000000,0x00000000e2a80000)
  from space 11776K, 71% used [0x00000000e3700000,0x00000000e3f42208,0x00000000e4280000)
  to   space 12288K, 0% used [0x00000000e2a80000,0x00000000e2a80000,0x00000000e3680000)
 ParOldGen       total 87552K, used 15853K [0x0000000082000000, 0x0000000087580000, 0x00000000d6000000)
  object space 87552K, 18% used [0x0000000082000000,0x0000000082f7b478,0x0000000087580000)
 Metaspace       used 39719K, capacity 42006K, committed 42240K, reserved 1085440K
  class space    used 5144K, capacity 5575K, committed 5632K, reserved 1048576K
}

