# JRE version: OpenJDK Runtime Environment (8.0_292-b10) (build 1.8.0_292-b10)
# Java VM: OpenJDK 64-Bit Server VM (25.292-b10 mixed mode windows-amd64 compressed oops)
Heap:
 PSYoungGen      total 171520K, used 105932K [0x00000000d6000000, 0x00000000e1200000, 0x0000000100000000)
  eden space 161792K, 61% used [0x00000000d6000000,0x00000000dc1dac88,0x00000000dfe00000)
  from space 9728K, 58% used [0x00000000e0880000,0x00000000e0e18730,0x00000000e1200000)
  to   space 10240K, 0% used [0x00000000dfe00000,0x00000000dfe00000,0x00000000e0800000)
 ParOldGen       total 71168K, used 15935K [0x0000000082000000, 0x0000000086580000, 0x00000000d6000000)
  object space 71168K, 22% used [0x0000000082000000,0x0000000082f8ff20,0x0000000086580000)
 Metaspace       used 44929K, capacity 47496K, committed 47616K, reserved 1091584K
  class space    used 5865K, capacity 6332K, committed 6400K, reserved 1048576K
GC Heap History (10 events):
Event: 7.821 GC heap before
{Heap before GC invocations=10 (full 1):
 PSYoungGen      total 121344K, used 120830K [0x00000000d6000000, 0x00000000de000000, 0x0000000100000000)
  eden space 113152K, 100% used [0x00000000d6000000,0x00000000dce80000,0x00000000dce80000)
  from space 8192K, 93% used [0x00000000dd700000,0x00000000dde7faf8,0x00000000ddf00000)
  to   space 8704K, 0% used [0x00000000dce80000,0x00000000dce80000,0x00000000dd700000)
 ParOldGen       total 48640K, used 6601K [0x0000000082000000, 0x0000000084f80000, 0x00000000d6000000)
  object space 48640K, 13% used [0x0000000082000000,0x0000000082672498,0x0000000084f80000)
 Metaspace       used 31770K, capacity 33654K, committed 33792K, reserved 1079296K
  class space    used 4240K, capacity 4589K, committed 4608K, reserved 1048576K
Event: 7.836 GC heap after
Heap after GC invocations=10 (full 1):
 PSYoungGen      total 121856K, used 8681K [0x00000000d6000000, 0x00000000e1300000, 0x0000000100000000)
  eden space 113152K, 0% used [0x00000000d6000000,0x00000000d6000000,0x00000000dce80000)
  from space 8704K, 99% used [0x00000000dce80000,0x00000000dd6fa450,0x00000000dd700000)
  to   space 10752K, 0% used [0x00000000e0880000,0x00000000e0880000,0x00000000e1300000)
 ParOldGen       total 48640K, used 8880K [0x0000000082000000, 0x0000000084f80000, 0x00000000d6000000)
  object space 48640K, 18% used [0x0000000082000000,0x00000000828ac300,0x0000000084f80000)
 Metaspace       used 31770K, capacity 33654K, committed 33792K, reserved 1079296K
  class space    used 4240K, capacity 4589K, committed 4608K, reserved 1048576K
}
Event: 8.453 GC heap before
{Heap before GC invocations=11 (full 1):
 PSYoungGen      total 121856K, used 52514K [0x00000000d6000000, 0x00000000e1300000, 0x0000000100000000)
  eden space 113152K, 38% used [0x00000000d6000000,0x00000000d8ace538,0x00000000dce80000)
  from space 8704K, 99% used [0x00000000dce80000,0x00000000dd6fa450,0x00000000dd700000)
  to   space 10752K, 0% used [0x00000000e0880000,0x00000000e0880000,0x00000000e1300000)
 ParOldGen       total 48640K, used 8880K [0x0000000082000000, 0x0000000084f80000, 0x00000000d6000000)
  object space 48640K, 18% used [0x0000000082000000,0x00000000828ac300,0x0000000084f80000)
 Metaspace       used 33478K, capacity 35424K, committed 35496K, reserved 1079296K
  class space    used 4477K, capacity 4842K, committed 4864K, reserved 1048576K
Event: 8.465 GC heap after
Heap after GC invocations=11 (full 1):
 PSYoungGen      total 171520K, used 5389K [0x00000000d6000000, 0x00000000e1200000, 0x0000000100000000)
  eden space 161792K, 0% used [0x00000000d6000000,0x00000000d6000000,0x00000000dfe00000)
  from space 9728K, 55% used [0x00000000e0880000,0x00000000e0dc36b0,0x00000000e1200000)
  to   space 10240K, 0% used [0x00000000dfe00000,0x00000000dfe00000,0x00000000e0800000)
 ParOldGen       total 48640K, used 11852K [0x0000000082000000, 0x0000000084f80000, 0x00000000d6000000)
  object space 48640K, 24% used [0x0000000082000000,0x0000000082b93350,0x0000000084f80000)
 Metaspace       used 33478K, capacity 35424K, committed 35496K, reserved 1079296K
  class space    used 4477K, capacity 4842K, committed 4864K, reserved 1048576K
}
Event: 8.465 GC heap before
{Heap before GC invocations=12 (full 2):
 PSYoungGen      total 171520K, used 5389K [0x00000000d6000000, 0x00000000e1200000, 0x0000000100000000)
  eden space 161792K, 0% used [0x00000000d6000000,0x00000000d6000000,0x00000000dfe00000)
  from space 9728K, 55% used [0x00000000e0880000,0x00000000e0dc36b0,0x00000000e1200000)
  to   space 10240K, 0% used [0x00000000dfe00000,0x00000000dfe00000,0x00000000e0800000)
 ParOldGen       total 48640K, used 11852K [0x0000000082000000, 0x0000000084f80000, 0x00000000d6000000)
  object space 48640K, 24% used [0x0000000082000000,0x0000000082b93350,0x0000000084f80000)
 Metaspace       used 33478K, capacity 35424K, committed 35496K, reserved 1079296K
  class space    used 4477K, capacity 4842K, committed 4864K, reserved 1048576K
Event: 8.524 GC heap after
Heap after GC invocations=12 (full 2):
 PSYoungGen      total 171520K, used 0K [0x00000000d6000000, 0x00000000e1200000, 0x0000000100000000)
  eden space 161792K, 0% used [0x00000000d6000000,0x00000000d6000000,0x00000000dfe00000)
  from space 9728K, 0% used [0x00000000e0880000,0x00000000e0880000,0x00000000e1200000)
  to   space 10240K, 0% used [0x00000000dfe00000,0x00000000dfe00000,0x00000000e0800000)
 ParOldGen       total 71168K, used 13391K [0x0000000082000000, 0x0000000086580000, 0x00000000d6000000)
  object space 71168K, 18% used [0x0000000082000000,0x0000000082d13f20,0x0000000086580000)
 Metaspace       used 33478K, capacity 35424K, committed 35496K, reserved 1079296K
  class space    used 4477K, capacity 4842K, committed 4864K, reserved 1048576K
}
Event: 9.961 GC heap before
{Heap before GC invocations=13 (full 2):
 PSYoungGen      total 171520K, used 161792K [0x00000000d6000000, 0x00000000e1200000, 0x0000000100000000)
  eden space 161792K, 100% used [0x00000000d6000000,0x00000000dfe00000,0x00000000dfe00000)
  from space 9728K, 0% used [0x00000000e0880000,0x00000000e0880000,0x00000000e1200000)
  to   space 10240K, 0% used [0x00000000dfe00000,0x00000000dfe00000,0x00000000e0800000)
 ParOldGen       total 71168K, used 13391K [0x0000000082000000, 0x0000000086580000, 0x00000000d6000000)
  object space 71168K, 18% used [0x0000000082000000,0x0000000082d13f20,0x0000000086580000)
 Metaspace       used 36835K, capacity 38982K, committed 39040K, reserved 1083392K
  class space    used 4850K, capacity 5241K, committed 5248K, reserved 1048576K
Event: 9.968 GC heap after
Heap after GC invocations=13 (full 2):
 PSYoungGen      total 172032K, used 3628K [0x00000000d6000000, 0x00000000e1200000, 0x0000000100000000)
  eden space 161792K, 0% used [0x00000000d6000000,0x00000000d6000000,0x00000000dfe00000)
  from space 10240K, 35% used [0x00000000dfe00000,0x00000000e018b250,0x00000000e0800000)
  to   space 9728K, 0% used [0x00000000e0880000,0x00000000e0880000,0x00000000e1200000)
 ParOldGen       total 71168K, used 13399K [0x0000000082000000, 0x0000000086580000, 0x00000000d6000000)
  object space 71168K, 18% used [0x0000000082000000,0x0000000082d15f20,0x0000000086580000)
 Metaspace       used 36835K, capacity 38982K, committed 39040K, reserved 1083392K
  class space    used 4850K, capacity 5241K, committed 5248K, reserved 1048576K
}
Event: 12.695 GC heap before
{Heap before GC invocations=14 (full 2):
 PSYoungGen      total 172032K, used 165420K [0x00000000d6000000, 0x00000000e1200000, 0x0000000100000000)
  eden space 161792K, 100% used [0x00000000d6000000,0x00000000dfe00000,0x00000000dfe00000)
  from space 10240K, 35% used [0x00000000dfe00000,0x00000000e018b250,0x00000000e0800000)
  to   space 9728K, 0% used [0x00000000e0880000,0x00000000e0880000,0x00000000e1200000)
 ParOldGen       total 71168K, used 13399K [0x0000000082000000, 0x0000000086580000, 0x00000000d6000000)
  object space 71168K, 18% used [0x0000000082000000,0x0000000082d15f20,0x0000000086580000)
 Metaspace       used 39529K, capacity 41864K, committed 41984K, reserved 1085440K
  class space    used 5128K, capacity 5570K, committed 5632K, reserved 1048576K
Event: 12.706 GC heap after
Heap after GC invocations=14 (full 2):
 PSYoungGen      total 171520K, used 5729K [0x00000000d6000000, 0x00000000e1200000, 0x0000000100000000)
  eden space 161792K, 0% used [0x00000000d6000000,0x00000000d6000000,0x00000000dfe00000)
  from space 9728K, 58% used [0x00000000e0880000,0x00000000e0e18730,0x00000000e1200000)
  to   space 10240K, 0% used [0x00000000dfe00000,0x00000000dfe00000,0x00000000e0800000)
 ParOldGen       total 71168K, used 15935K [0x0000000082000000, 0x0000000086580000, 0x00000000d6000000)
  object space 71168K, 22% used [0x0000000082000000,0x0000000082f8ff20,0x0000000086580000)
 Metaspace       used 39529K, capacity 41864K, committed 41984K, reserved 1085440K
  class space    used 5128K, capacity 5570K, committed 5632K, reserved 1048576K
}

